Attempt to set configuration "PBSRunning=True" on startd quantum2.ccr.buffalo.edu <10.35.1.2:46063> failed.
#############################PBS Prologue##############################
PBS prologue script run on host quantum2 at Tue Feb 16 16:53:10 EST 2010
PBSTMPDIR is /scratch/8731.quantum.ccr.buffalo.edu
 'vmd/v1.8.6' load complete.
/var/spool/pbs/mom_priv/jobs/8731.quantum.ccr.buffalo.edu.SC: line 19: ulimit: coredumpsize: invalid number
check module commands:
which: no module in (/util/vmd/v1.8.6/bin:/util/Modules/3.1.6/bin:/usr/kerberos/bin:/opt/condor/bin:/opt/condor/sbin:/bin:/usr/bin:/usr/local/mx/bin:/usr/local/mx/sbin:/home/tekpinar/bin:/home/tekpinar/biomol_lab)
 'vmd/v1.8.6' load complete.
 'charmm/c32b2' load complete.
Using CHARMMEXE = /util/charmm/c32b2/exec/gnu/charmm
Tue Feb 16 16:53:13 EST 2010
Tue Feb 16 17:19:07 EST 2010
#############################PBS EPILOGUE##############################
PBS epilogue script run on host quantum2 at Tue Feb 16 17:19:07 EST 2010
    for 16 processes.
Cleaning up processes on node quantum2 for user tekpinar
 pids to kill: 
 cmds to kill: 
  deleting quantum2: /scratch/8731.quantum.ccr.buffalo.edu, /scratch/tekpinar
Turn condor back on node quantum2
Attempt to set configuration "PBSRunning=False" on startd quantum2.ccr.buffalo.edu <10.35.1.2:46063> failed.
Cleaning up processes on node quantum12 for user tekpinar
 pids to kill: 
 cmds to kill: 
  deleting quantum12: /scratch/8731.quantum.ccr.buffalo.edu, /scratch/tekpinar
Turn condor back on node quantum12
Cleaning up processes on node quantum13 for user tekpinar
 pids to kill: 
 cmds to kill: 
  deleting quantum13: /scratch/8731.quantum.ccr.buffalo.edu, /scratch/tekpinar
Turn condor back on node quantum13
Cleaning up processes on node quantum14 for user tekpinar
 pids to kill: 
 cmds to kill: 
  deleting quantum14: /scratch/8731.quantum.ccr.buffalo.edu, /scratch/tekpinar
Turn condor back on node quantum14
Attempt to set configuration "PBSRunning=False" on startd quantum2.ccr.buffalo.edu <10.35.1.2:46063> failed.
#############################PBS EPILOGUE##############################
