#############################PBS Prologue##############################
PBS prologue script run on host quantum104 at Tue Feb 16 17:21:00 EST 2010
PBSTMPDIR is /scratch/8732.quantum.ccr.buffalo.edu
 'vmd/v1.8.6' load complete.
/var/spool/pbs/mom_priv/jobs/8732.quantum.ccr.buffalo.edu.SC: line 19: ulimit: coredumpsize: invalid number
check module commands:
which: no module in (/util/vmd/v1.8.6/bin:/util/Modules/3.1.6/bin:/usr/kerberos/bin:/opt/condor/bin:/opt/condor/sbin:/bin:/usr/bin:/usr/local/gm/bin:/usr/local/gm/sbin:/home/tekpinar/bin:/home/tekpinar/biomol_lab)
 'vmd/v1.8.6' load complete.
 'charmm/c32b2' load complete.
Using CHARMMEXE = /util/charmm/c32b2/exec/gnu/charmm
Tue Feb 16 17:21:02 EST 2010
Wed Feb 17 12:30:30 EST 2010
#############################PBS EPILOGUE##############################
PBS epilogue script run on host quantum104 at Wed Feb 17 12:30:30 EST 2010
    for 32 processes.
Cleaning up processes on node quantum104 for user tekpinar
 pids to kill: 
 cmds to kill: 
  deleting quantum104: /scratch/8732.quantum.ccr.buffalo.edu, /scratch/tekpinar
Turn condor back on node quantum104
Cleaning up processes on node quantum119 for user tekpinar
 pids to kill: 
 cmds to kill: 
  deleting quantum119: /scratch/8732.quantum.ccr.buffalo.edu, /scratch/tekpinar
Turn condor back on node quantum119
Cleaning up processes on node quantum120 for user tekpinar
 pids to kill: 
 cmds to kill: 
  deleting quantum120: /scratch/8732.quantum.ccr.buffalo.edu, /scratch/tekpinar
Turn condor back on node quantum120
Cleaning up processes on node quantum121 for user tekpinar
 pids to kill: 
 cmds to kill: 
  deleting quantum121: /scratch/8732.quantum.ccr.buffalo.edu, /scratch/tekpinar
Turn condor back on node quantum121
Can't find address for this startd
Perhaps you need to query another pool.
Can't find address for local startd
Perhaps you need to query another pool.
#############################PBS EPILOGUE##############################
