Can't find address for this startd
Perhaps you need to query another pool.
Can't find address for local startd
Perhaps you need to query another pool.
#############################PBS Prologue##############################
PBS prologue script run on host quantum101 at Sun Aug 22 03:39:10 EDT 2010
 'vmd/v1.8.6' load complete.
Using pairDistro
Sun Aug 22 03:40:12 EDT 2010
Sun Aug 22 05:32:35 EDT 2010
#############################PBS EPILOGUE##############################
PBS epilogue script run on host quantum101 at Sun Aug 22 05:32:35 EDT 2010
    for 8 processes.
Cleaning up processes on node quantum101 for user tekpinar
 pids to kill: 
 cmds to kill: 
  deleting quantum101: /scratch/16823.quantum.ccr.buffalo.edu, /scratch/tekpinar
Turn condor back on node quantum101
Can't find address for this startd
Perhaps you need to query another pool.
Can't find address for local startd
Perhaps you need to query another pool.
Can't find address for this startd
Perhaps you need to query another pool.
Can't find address for local startd
Perhaps you need to query another pool.
#############################PBS EPILOGUE##############################
