#############################PBS Prologue##############################
PBS prologue script run on host quantum1 at Thu Feb 4 13:06:25 EST 2010
PBSTMPDIR is /scratch/8128.quantum.ccr.buffalo.edu
 'vmd/v1.8.6' load complete.
/var/spool/pbs/mom_priv/jobs/8128.quantum.ccr.buffalo.edu.SC: line 19: ulimit: coredumpsize: invalid number
check module commands:
which: no module in (/util/vmd/v1.8.6/bin:/util/Modules/3.1.6/bin:/usr/kerberos/bin:/opt/condor/bin:/opt/condor/sbin:/bin:/usr/bin:/usr/local/mx/bin:/usr/local/mx/sbin:/home/tekpinar/bin:/home/tekpinar/biomol_lab)
 'vmd/v1.8.6' load complete.
 'charmm/c32b2' load complete.
Using CHARMMEXE = /util/charmm/c32b2/exec/gnu/charmm
Thu Feb  4 13:06:28 EST 2010
[1] MPI Abort by user Aborting program !
[1] Aborting program!
[9] MPI Abort by user Aborting program !
[9] Aborting program!
mpiexec: Warning: tasks 0-1,3-4,6-10,12-14 exited with status 1.
Thu Feb  4 23:10:48 EST 2010
#############################PBS EPILOGUE##############################
PBS epilogue script run on host quantum1 at Thu Feb 4 23:10:49 EST 2010
    for 16 processes.
Cleaning up processes on node quantum1 for user tekpinar
 pids to kill: 
 cmds to kill: 
  deleting quantum1: /scratch/8128.quantum.ccr.buffalo.edu, /scratch/tekpinar
Turn condor back on node quantum1
Cleaning up processes on node quantum5 for user tekpinar
 pids to kill: 
 cmds to kill: 
  deleting quantum5: /scratch/8128.quantum.ccr.buffalo.edu, /scratch/tekpinar
Turn condor back on node quantum5
Cleaning up processes on node quantum6 for user tekpinar
 pids to kill: 
 cmds to kill: 
  deleting quantum6: /scratch/8128.quantum.ccr.buffalo.edu, /scratch/tekpinar
Turn condor back on node quantum6
Cleaning up processes on node quantum7 for user tekpinar
 pids to kill: 
 cmds to kill: 
  deleting quantum7: /scratch/8128.quantum.ccr.buffalo.edu, /scratch/tekpinar
Turn condor back on node quantum7
#############################PBS EPILOGUE##############################
