#############################PBS Prologue##############################
PBS prologue script run on host quantum112 at Mon Jan 18 18:31:42 EST 2010
PBSTMPDIR is /scratch/7619.quantum.ccr.buffalo.edu
 'vmd/v1.8.6' load complete.
/var/spool/pbs/mom_priv/jobs/7619.quantum.ccr.buffalo.edu.SC: line 19: ulimit: coredumpsize: invalid number
check module commands:
which: no module in (/util/vmd/v1.8.6/bin:/util/Modules/3.1.6/bin:/usr/kerberos/bin:/bin:/usr/bin:/usr/local/gm/bin:/usr/local/gm/sbin:/home/tekpinar/bin:/home/tekpinar/biomol_lab)
 'vmd/v1.8.6' load complete.
 'charmm/c32b2' load complete.
Using CHARMMEXE = /util/charmm/c32b2/exec/gnu/charmm
Mon Jan 18 18:31:42 EST 2010
#############################PBS EPILOGUE##############################
PBS epilogue script run on host quantum112 at Tue Jan 19 16:31:54 EST 2010
    for 4 processes.
Cleaning up processes on node quantum112 for user tekpinar
 pids to kill: 
 cmds to kill: 
  deleting quantum112: /scratch/7619.quantum.ccr.buffalo.edu, /scratch/tekpinar
Turn condor back on node quantum112
#############################PBS EPILOGUE##############################
