#############################PBS Prologue##############################
PBS prologue script run on host quantum1 at Tue Feb 9 14:29:43 EST 2010
PBSTMPDIR is /scratch/8305.quantum.ccr.buffalo.edu
 'vmd/v1.8.6' load complete.
/var/spool/pbs/mom_priv/jobs/8305.quantum.ccr.buffalo.edu.SC: line 19: ulimit: coredumpsize: invalid number
check module commands:
which: no module in (/util/vmd/v1.8.6/bin:/util/Modules/3.1.6/bin:/usr/kerberos/bin:/opt/condor/bin:/opt/condor/sbin:/bin:/usr/bin:/usr/local/mx/bin:/usr/local/mx/sbin:/home/tekpinar/bin:/home/tekpinar/biomol_lab)
 'vmd/v1.8.6' load complete.
 'charmm/c32b2' load complete.
Using CHARMMEXE = /util/charmm/c32b2/exec/gnu/charmm
Tue Feb  9 14:29:46 EST 2010
Tue Feb  9 15:00:26 EST 2010
#############################PBS EPILOGUE##############################
PBS epilogue script run on host quantum1 at Tue Feb 9 15:00:27 EST 2010
    for 32 processes.
Cleaning up processes on node quantum1 for user tekpinar
 pids to kill: 
 cmds to kill: 
  deleting quantum1: /scratch/8305.quantum.ccr.buffalo.edu, /scratch/tekpinar
Turn condor back on node quantum1
Cleaning up processes on node quantum2 for user tekpinar
 pids to kill: 
 cmds to kill: 
  deleting quantum2: /scratch/8305.quantum.ccr.buffalo.edu, /scratch/tekpinar
Turn condor back on node quantum2
Attempt to set configuration "PBSRunning=False" on startd quantum2.ccr.buffalo.edu <10.35.1.2:46063> failed.
Cleaning up processes on node quantum3 for user tekpinar
 pids to kill: 
 cmds to kill: 
  deleting quantum3: /scratch/8305.quantum.ccr.buffalo.edu, /scratch/tekpinar
Turn condor back on node quantum3
Cleaning up processes on node quantum4 for user tekpinar
 pids to kill: 
 cmds to kill: 
  deleting quantum4: /scratch/8305.quantum.ccr.buffalo.edu, /scratch/tekpinar
Turn condor back on node quantum4
Cleaning up processes on node quantum6 for user tekpinar
 pids to kill: 
 cmds to kill: 
  deleting quantum6: /scratch/8305.quantum.ccr.buffalo.edu, /scratch/tekpinar
Turn condor back on node quantum6
Cleaning up processes on node quantum8 for user tekpinar
 pids to kill: 
 cmds to kill: 
  deleting quantum8: /scratch/8305.quantum.ccr.buffalo.edu, /scratch/tekpinar
Turn condor back on node quantum8
Cleaning up processes on node quantum10 for user tekpinar
 pids to kill: 
 cmds to kill: 
  deleting quantum10: /scratch/8305.quantum.ccr.buffalo.edu, /scratch/tekpinar
Turn condor back on node quantum10
Cleaning up processes on node quantum12 for user tekpinar
 pids to kill: 
 cmds to kill: 
  deleting quantum12: /scratch/8305.quantum.ccr.buffalo.edu, /scratch/tekpinar
Turn condor back on node quantum12
#############################PBS EPILOGUE##############################
