#############################PBS Prologue##############################
PBS prologue script run on host quantum4 at Mon Feb 8 16:05:06 EST 2010
PBSTMPDIR is /scratch/8297.quantum.ccr.buffalo.edu
 'vmd/v1.8.6' load complete.
/var/spool/pbs/mom_priv/jobs/8297.quantum.ccr.buffalo.edu.SC: line 19: ulimit: coredumpsize: invalid number
check module commands:
which: no module in (/util/vmd/v1.8.6/bin:/util/Modules/3.1.6/bin:/usr/kerberos/bin:/opt/condor/bin:/opt/condor/sbin:/bin:/usr/bin:/usr/local/mx/bin:/usr/local/mx/sbin:/home/tekpinar/bin:/home/tekpinar/biomol_lab)
 'vmd/v1.8.6' load complete.
 'charmm/c32b2' load complete.
Using CHARMMEXE = /util/charmm/c32b2/exec/gnu/charmm
Mon Feb  8 16:05:08 EST 2010
forrtl: Illegal seek
forrtl: severe (20): REWIND error, unit -1, file stdout
Image              PC        Routine            Line        Source             
charmm             086D5F58  Unknown               Unknown  Unknown
charmm             086D46F1  Unknown               Unknown  Unknown
charmm             086A345F  Unknown               Unknown  Unknown
charmm             086721EA  Unknown               Unknown  Unknown
charmm             0868512E  Unknown               Unknown  Unknown
charmm             080F5115  Unknown               Unknown  Unknown
charmm             080C8513  Unknown               Unknown  Unknown
charmm             080BDB5E  Unknown               Unknown  Unknown
charmm             0804D6D2  Unknown               Unknown  Unknown
charmm             0804BBCB  Unknown               Unknown  Unknown
charmm             0804AE1A  Unknown               Unknown  Unknown
libc.so.6          00441DEC  Unknown               Unknown  Unknown
charmm             0804AD51  Unknown               Unknown  Unknown
    p4_error: latest msg from perror: Bad file descriptor
mpiexec: Warning: task 0 exited with status 20.
mpiexec: Warning: tasks 1-15 exited with status 1.
Mon Feb  8 23:07:42 EST 2010
#############################PBS EPILOGUE##############################
PBS epilogue script run on host quantum4 at Mon Feb 8 23:07:42 EST 2010
    for 16 processes.
Cleaning up processes on node quantum4 for user tekpinar
 pids to kill: 
 cmds to kill: 
  deleting quantum4: /scratch/8297.quantum.ccr.buffalo.edu, /scratch/tekpinar
Turn condor back on node quantum4
Cleaning up processes on node quantum8 for user tekpinar
 pids to kill: 
 cmds to kill: 
  deleting quantum8: /scratch/8297.quantum.ccr.buffalo.edu, /scratch/tekpinar
Turn condor back on node quantum8
Cleaning up processes on node quantum10 for user tekpinar
 pids to kill: 
 cmds to kill: 
  deleting quantum10: /scratch/8297.quantum.ccr.buffalo.edu, /scratch/tekpinar
Turn condor back on node quantum10
Cleaning up processes on node quantum15 for user tekpinar
 pids to kill: 
 cmds to kill: 
  deleting quantum15: /scratch/8297.quantum.ccr.buffalo.edu, /scratch/tekpinar
Turn condor back on node quantum15
#############################PBS EPILOGUE##############################
