#############################PBS Prologue##############################
PBS prologue script run on host quantum112 at Mon Jan 18 16:20:15 EST 2010
PBSTMPDIR is /scratch/7607.quantum.ccr.buffalo.edu
 'vmd/v1.8.6' load complete.
/var/spool/pbs/mom_priv/jobs/7607.quantum.ccr.buffalo.edu.SC: line 19: ulimit: coredumpsize: invalid number
check module commands:
which: no module in (/util/vmd/v1.8.6/bin:/util/Modules/3.1.6/bin:/usr/kerberos/bin:/bin:/usr/bin:/usr/local/gm/bin:/usr/local/gm/sbin:/home/tekpinar/bin:/home/tekpinar/biomol_lab)
 'vmd/v1.8.6' load complete.
 'charmm/c32b2' load complete.
Using CHARMMEXE = /util/charmm/c32b2/exec/gnu/charmm
Mon Jan 18 16:20:15 EST 2010
Mon Jan 18 16:35:27 EST 2010
#############################PBS EPILOGUE##############################
PBS epilogue script run on host quantum112 at Mon Jan 18 16:35:27 EST 2010
    for 8 processes.
Cleaning up processes on node quantum112 for user tekpinar
 pids to kill: 
 cmds to kill: 
  deleting quantum112: /scratch/7607.quantum.ccr.buffalo.edu, /scratch/tekpinar
Cleaning up processes on node quantum117 for user tekpinar
 pids to kill: 
 cmds to kill: 
  deleting quantum117: /scratch/7607.quantum.ccr.buffalo.edu, /scratch/tekpinar
Cleaning up processes on node quantum118 for user tekpinar
 pids to kill: 
 cmds to kill: 
  deleting quantum118: /scratch/7607.quantum.ccr.buffalo.edu, /scratch/tekpinar
Cleaning up processes on node quantum119 for user tekpinar
 pids to kill: 
 cmds to kill: 
  deleting quantum119: /scratch/7607.quantum.ccr.buffalo.edu, /scratch/tekpinar
#############################PBS EPILOGUE##############################
