Can't find address for this startd
Perhaps you need to query another pool.
Can't find address for local startd
Perhaps you need to query another pool.
#############################PBS Prologue##############################
PBS prologue script run on host quantum111 at Thu Jan 21 19:11:39 EST 2010
PBSTMPDIR is /scratch/7696.quantum.ccr.buffalo.edu
 'vmd/v1.8.6' load complete.
/var/spool/pbs/mom_priv/jobs/7696.quantum.ccr.buffalo.edu.SC: line 19: ulimit: coredumpsize: invalid number
check module commands:
which: no module in (/util/vmd/v1.8.6/bin:/util/Modules/3.1.6/bin:/usr/kerberos/bin:/opt/condor/bin:/opt/condor/sbin:/bin:/usr/bin:/usr/local/gm/bin:/usr/local/gm/sbin:/home/tekpinar/bin:/home/tekpinar/biomol_lab)
 'vmd/v1.8.6' load complete.
 'charmm/c32b2' load complete.
Using CHARMMEXE = /util/charmm/c32b2/exec/gnu/charmm
Thu Jan 21 19:11:42 EST 2010
Thu Jan 21 19:13:05 EST 2010
#############################PBS EPILOGUE##############################
PBS epilogue script run on host quantum111 at Thu Jan 21 19:13:06 EST 2010
    for 16 processes.
Cleaning up processes on node quantum111 for user tekpinar
 pids to kill: 
 cmds to kill: 
  deleting quantum111: /scratch/7696.quantum.ccr.buffalo.edu, /scratch/tekpinar
Turn condor back on node quantum111
Can't find address for this startd
Perhaps you need to query another pool.
Can't find address for local startd
Perhaps you need to query another pool.
Cleaning up processes on node quantum112 for user tekpinar
 pids to kill: 
 cmds to kill: 
  deleting quantum112: /scratch/7696.quantum.ccr.buffalo.edu, /scratch/tekpinar
Turn condor back on node quantum112
Can't find address for this startd
Perhaps you need to query another pool.
Can't find address for local startd
Perhaps you need to query another pool.
Can't find address for this startd
Perhaps you need to query another pool.
Can't find address for local startd
Perhaps you need to query another pool.
#############################PBS EPILOGUE##############################
