#############################PBS Prologue##############################
PBS prologue script run on host quantum110 at Tue Jan 19 14:44:53 EST 2010
PBSTMPDIR is /scratch/7643.quantum.ccr.buffalo.edu
 'vmd/v1.8.6' load complete.
/var/spool/pbs/mom_priv/jobs/7643.quantum.ccr.buffalo.edu.SC: line 19: ulimit: coredumpsize: invalid number
check module commands:
which: no module in (/util/vmd/v1.8.6/bin:/util/Modules/3.1.6/bin:/usr/kerberos/bin:/opt/condor/bin:/opt/condor/sbin:/bin:/usr/bin:/usr/local/gm/bin:/usr/local/gm/sbin:/home/tekpinar/bin:/home/tekpinar/biomol_lab)
 'vmd/v1.8.6' load complete.
 'charmm/c32b2' load complete.
Using CHARMMEXE = /util/charmm/c32b2/exec/gnu/charmm
Tue Jan 19 14:44:56 EST 2010
    p4_error: latest msg from perror: Connection reset by peer
forrtl: error (69): process interrupted (SIGINT)
mpiexec: Warning: tasks 0-2 exited with status 1.
mpiexec: Warning: tasks 4-7 died with signal 9 (Killed).
Tue Jan 19 16:32:03 EST 2010
#############################PBS EPILOGUE##############################
PBS epilogue script run on host quantum110 at Tue Jan 19 16:32:04 EST 2010
    for 8 processes.
Cleaning up processes on node quantum110 for user tekpinar
 pids to kill: 
 cmds to kill: 
  deleting quantum110: /scratch/7643.quantum.ccr.buffalo.edu, /scratch/tekpinar
Cleaning up processes on node quantum111 for user tekpinar
 pids to kill: 
 cmds to kill: 
  deleting quantum111: /scratch/7643.quantum.ccr.buffalo.edu, /scratch/tekpinar
#############################PBS EPILOGUE##############################
