Can't find address for this startd
Perhaps you need to query another pool.
Can't find address for local startd
Perhaps you need to query another pool.
#############################PBS Prologue##############################
PBS prologue script run on host quantum155 at Mon Nov 29 16:19:06 EST 2010
 'vmd/v1.8.6' load complete.
Using pairDistro
Mon Nov 29 16:19:10 EST 2010
Mon Nov 29 19:19:52 EST 2010
Job finished successfully!
#############################PBS EPILOGUE##############################
PBS epilogue script run on host quantum155 at Mon Nov 29 19:19:52 EST 2010
    for 1 processes.
Epilogue: No extra processes to kill. Just this node.
Can't find address for this startd
Perhaps you need to query another pool.
Can't find address for local startd
Perhaps you need to query another pool.
#############################PBS EPILOGUE##############################
