#############################PBS Prologue##############################
PBS prologue script run on host quantum9 at Thu Jan 14 20:53:47 EST 2010
PBSTMPDIR is /scratch/7530.quantum.ccr.buffalo.edu
 'vmd/v1.8.6' load complete.
/var/spool/pbs/mom_priv/jobs/7530.quantum.ccr.buffalo.edu.SC: line 19: ulimit: coredumpsize: invalid number
check module commands:
which: no module in (/util/vmd/v1.8.6/bin:/util/Modules/3.1.6/bin:/usr/kerberos/bin:/opt/condor/bin:/opt/condor/sbin:/bin:/usr/bin:/usr/local/mx/bin:/usr/local/mx/sbin:/home/tekpinar/bin:/home/tekpinar/biomol_lab)
 'vmd/v1.8.6' load complete.
 'charmm/c32b2' load complete.
Using CHARMMEXE = /util/charmm/c32b2/exec/gnu/charmm
Thu Jan 14 20:53:50 EST 2010
Thu Jan 14 21:12:19 EST 2010
#############################PBS EPILOGUE##############################
PBS epilogue script run on host quantum9 at Thu Jan 14 21:12:20 EST 2010
    for 16 processes.
Cleaning up processes on node quantum9 for user tekpinar
 pids to kill: 
 cmds to kill: 
  deleting quantum9: /scratch/7530.quantum.ccr.buffalo.edu, /scratch/tekpinar
Cleaning up processes on node quantum10 for user tekpinar
 pids to kill: 
 cmds to kill: 
  deleting quantum10: /scratch/7530.quantum.ccr.buffalo.edu, /scratch/tekpinar
Cleaning up processes on node quantum11 for user tekpinar
 pids to kill: 
 cmds to kill: 
  deleting quantum11: /scratch/7530.quantum.ccr.buffalo.edu, /scratch/tekpinar
Cleaning up processes on node quantum12 for user tekpinar
 pids to kill: 
 cmds to kill: 
  deleting quantum12: /scratch/7530.quantum.ccr.buffalo.edu, /scratch/tekpinar
Cleaning up processes on node quantum13 for user tekpinar
 pids to kill: 
 cmds to kill: 
  deleting quantum13: /scratch/7530.quantum.ccr.buffalo.edu, /scratch/tekpinar
Cleaning up processes on node quantum14 for user tekpinar
 pids to kill: 
 cmds to kill: 
  deleting quantum14: /scratch/7530.quantum.ccr.buffalo.edu, /scratch/tekpinar
Cleaning up processes on node quantum15 for user tekpinar
 pids to kill: 
 cmds to kill: 
  deleting quantum15: /scratch/7530.quantum.ccr.buffalo.edu, /scratch/tekpinar
Cleaning up processes on node quantum16 for user tekpinar
 pids to kill: 
 cmds to kill: 
  deleting quantum16: /scratch/7530.quantum.ccr.buffalo.edu, /scratch/tekpinar
#############################PBS EPILOGUE##############################
