#############################PBS Prologue##############################
PBS prologue script run on host quantum111 at Tue Jan 19 17:44:46 EST 2010
PBSTMPDIR is /scratch/7653.quantum.ccr.buffalo.edu
 'vmd/v1.8.6' load complete.
working directory = /home/tekpinar/pbs
NN = 16
 'mvapich2/intel-10.1/2-1.2p1' load complete.
 'charmm/c35b1r1-IB' load complete.
Currently Loaded Modulefiles:
  1) null                          5) intel/10.1
  2) modules                       6) mvapich2/intel-10.1/2-1.2p1
  3) vmd/v1.8.6                    7) charmm/c35b1r1-IB
  4) java/j2sdk/1.6.0_10
core file size          (blocks, -c) 0
data seg size           (kbytes, -d) unlimited
scheduling priority             (-e) 0
file size               (blocks, -f) unlimited
pending signals                 (-i) 71680
max locked memory       (kbytes, -l) unlimited
max memory size         (kbytes, -m) unlimited
open files                      (-n) 32768
pipe size            (512 bytes, -p) 8
POSIX message queues     (bytes, -q) 819200
real-time priority              (-r) 0
stack size              (kbytes, -s) unlimited
cpu time               (seconds, -t) 518400
max user processes              (-u) 71680
virtual memory          (kbytes, -v) unlimited
file locks                      (-x) unlimited
Using CHARMMEXE = /util/charmm/c35b1r1-IB/exec/gnu/charmm
NNMPD = 2
/util/mvapich2/2-1.2p1/intel-10.1/bin/mpiexec
Tue Jan 19 17:44:49 EST 2010
running mpdallexit on quantum111.ccr.buffalo.edu
LAUNCHED mpd on quantum111.ccr.buffalo.edu  via  
mpdboot_quantum111.ccr.buffalo.edu (handle_mpd_output 406): from mpd on quantum111.ccr.buffalo.edu, invalid port info:
no_port

mpdtrace: cannot connect to local mpd (/tmp/mpd2.console_tekpinar); possible causes:
  1. no mpd is running on this host
  2. an mpd is running but was started without a "console" (-n option)
In case 1, you can start an mpd on this host with:
    mpd &
and you will be able to run jobs just on this host.
For more details on starting mpds on a set of hosts, see
the MVAPICH2 User Guide.
/var/spool/pbs/mom_priv/jobs/7653.quantum.ccr.buffalo.edu.SC: line 47: /home/tekpinar/inputscripts/add_waters_box.inp: No such file or directory
mpdallexit: cannot connect to local mpd (/tmp/mpd2.console_tekpinar); possible causes:
  1. no mpd is running on this host
  2. an mpd is running but was started without a "console" (-n option)
In case 1, you can start an mpd on this host with:
    mpd &
and you will be able to run jobs just on this host.
For more details on starting mpds on a set of hosts, see
the MVAPICH2 User Guide.
Tue Jan 19 17:44:50 EST 2010
All Done!
#############################PBS EPILOGUE##############################
PBS epilogue script run on host quantum111 at Tue Jan 19 17:44:50 EST 2010
    for 16 processes.
Cleaning up processes on node quantum111 for user tekpinar
 pids to kill: 
 cmds to kill: 
  deleting quantum111: /scratch/7653.quantum.ccr.buffalo.edu, /scratch/tekpinar
Turn condor back on node quantum111
Cleaning up processes on node quantum112 for user tekpinar
 pids to kill: 
 cmds to kill: 
  deleting quantum112: /scratch/7653.quantum.ccr.buffalo.edu, /scratch/tekpinar
Turn condor back on node quantum112
#############################PBS EPILOGUE##############################
