Can't find address for this startd
Perhaps you need to query another pool.
Can't find address for local startd
Perhaps you need to query another pool.
#############################PBS Prologue##############################
PBS prologue script run on host quantum121 at Fri Jan 29 14:12:12 EST 2010
PBSTMPDIR is /scratch/7900.quantum.ccr.buffalo.edu
 'vmd/v1.8.6' load complete.
working directory = /home/tekpinar/pbs
NN = 8
 'mvapich2/intel-10.1/2-1.2p1' load complete.
 'charmm/c35b1r1-IB' load complete.
Currently Loaded Modulefiles:
  1) null                          5) intel/10.1
  2) modules                       6) mvapich2/intel-10.1/2-1.2p1
  3) vmd/v1.8.6                    7) charmm/c35b1r1-IB
  4) java/j2sdk/1.6.0_10
core file size          (blocks, -c) 0
data seg size           (kbytes, -d) unlimited
scheduling priority             (-e) 0
file size               (blocks, -f) unlimited
pending signals                 (-i) 268288
max locked memory       (kbytes, -l) unlimited
max memory size         (kbytes, -m) unlimited
open files                      (-n) 32768
pipe size            (512 bytes, -p) 8
POSIX message queues     (bytes, -q) 819200
real-time priority              (-r) 0
stack size              (kbytes, -s) unlimited
cpu time               (seconds, -t) 518400
max user processes              (-u) 268288
virtual memory          (kbytes, -v) unlimited
file locks                      (-x) unlimited
Using CHARMMEXE = /util/charmm/c35b1r1-IB/exec/gnu/charmm
NNMPD = 1
/util/mvapich2/2-1.2p1/intel-10.1/bin/mpiexec
Fri Jan 29 14:12:14 EST 2010
running mpdallexit on quantum121.ccr.buffalo.edu
LAUNCHED mpd on quantum121.ccr.buffalo.edu  via  
RUNNING: mpd on quantum121.ccr.buffalo.edu
quantum121
application called MPI_Abort(MPI_COMM_WORLD, 12) - process 2application called MPI_Abort(MPI_COMM_WORLD, 12) - process 6application called MPI_Abort(MPI_COMM_WORLD, 12) - process 5application called MPI_Abort(MPI_COMM_WORLD, 12) - process 7application called MPI_Abort(MPI_COMM_WORLD, 12) - process 4application called MPI_Abort(MPI_COMM_WORLD, 12) - process 3application called MPI_Abort(MPI_COMM_WORLD, 12) - process 1application called MPI_Abort(MPI_COMM_WORLD, 12) - process 0Fri Jan 29 14:12:16 EST 2010
All Done!
#############################PBS EPILOGUE##############################
PBS epilogue script run on host quantum121 at Fri Jan 29 14:12:16 EST 2010
    for 8 processes.
Cleaning up processes on node quantum121 for user tekpinar
 pids to kill: 
 cmds to kill: 
  deleting quantum121: /scratch/7900.quantum.ccr.buffalo.edu, /scratch/tekpinar
Turn condor back on node quantum121
Can't find address for this startd
Perhaps you need to query another pool.
Can't find address for local startd
Perhaps you need to query another pool.
Can't find address for this startd
Perhaps you need to query another pool.
Can't find address for local startd
Perhaps you need to query another pool.
#############################PBS EPILOGUE##############################
