Attempt to set configuration "PBSRunning=True" on startd quantum2.ccr.buffalo.edu <10.35.1.2:46063> failed.
#############################PBS Prologue##############################
PBS prologue script run on host quantum2 at Wed Feb 17 19:04:06 EST 2010
PBSTMPDIR is /scratch/9033.quantum.ccr.buffalo.edu
 'vmd/v1.8.6' load complete.
check module commands:
/var/spool/pbs/mom_priv/jobs/9033.quantum.ccr.buffalo.edu.SC: line 23: limit: command not found
which: no module in (/util/vmd/v1.8.6/bin:/util/Modules/3.1.6/bin:/usr/kerberos/bin:/opt/condor/bin:/opt/condor/sbin:/bin:/usr/bin:/usr/local/mx/bin:/usr/local/mx/sbin:/home/tekpinar/bin:/home/tekpinar/biomol_lab)
 'charmm/c35b1r1-serial' load complete.
Using CHARMMEXE = /util/charmm/c35b1r1-serial/exec/gnu/charmm
Wed Feb 17 19:04:08 EST 2010
Wed Feb 17 22:06:07 EST 2010
#############################PBS EPILOGUE##############################
PBS epilogue script run on host quantum2 at Wed Feb 17 22:06:07 EST 2010
    for 4 processes.
Cleaning up processes on node quantum2 for user tekpinar
 pids to kill: 
 cmds to kill: 
  deleting quantum2: /scratch/9033.quantum.ccr.buffalo.edu, /scratch/tekpinar
Turn condor back on node quantum2
Attempt to set configuration "PBSRunning=False" on startd quantum2.ccr.buffalo.edu <10.35.1.2:46063> failed.
Attempt to set configuration "PBSRunning=False" on startd quantum2.ccr.buffalo.edu <10.35.1.2:46063> failed.
#############################PBS EPILOGUE##############################
