#############################PBS Prologue##############################
PBS prologue script run on host quantum100 at Mon Jan 25 15:14:11 EST 2010
PBSTMPDIR is /scratch/7758.quantum.ccr.buffalo.edu
 'vmd/v1.8.6' load complete.
check module commands:
/var/spool/pbs/mom_priv/jobs/7758.quantum.ccr.buffalo.edu.SC: line 23: limit: command not found
which: no module in (/util/vmd/v1.8.6/bin:/util/Modules/3.1.6/bin:/usr/kerberos/bin:/opt/condor/bin:/opt/condor/sbin:/bin:/usr/bin:/usr/local/gm/bin:/usr/local/gm/sbin:/home/tekpinar/bin:/home/tekpinar/biomol_lab)
 'charmm/c35b1r1-serial' load complete.
Using CHARMMEXE = /util/charmm/c35b1r1-serial/exec/gnu/charmm
Mon Jan 25 15:14:13 EST 2010
Wed Jan 27 04:12:55 EST 2010
#############################PBS EPILOGUE##############################
PBS epilogue script run on host quantum100 at Wed Jan 27 04:12:55 EST 2010
    for 4 processes.
Cleaning up processes on node quantum100 for user tekpinar
 pids to kill: 
 cmds to kill: 
  deleting quantum100: /scratch/7758.quantum.ccr.buffalo.edu, /scratch/tekpinar
Turn condor back on node quantum100
#############################PBS EPILOGUE##############################
